<?xml version="1.0" encoding="UTF-8"?>
<testsuite xmlns:xsi="http://www.w3.org/2001/XMLSchema-instance" xsi:noNamespaceSchemaLocation="https://maven.apache.org/surefire/maven-surefire-plugin/xsd/surefire-test-report.xsd" name="wad.AliveTest" time="0.085" tests="3" errors="0" skipped="0" failures="0">
  <properties>
    <property name="sun.desktop" value="windows"/>
    <property name="awt.toolkit" value="sun.awt.windows.WToolkit"/>
    <property name="file.encoding.pkg" value="sun.io"/>
    <property name="java.specification.version" value="1.8"/>
    <property name="sun.cpu.isalist" value="pentium_pro+mmx pentium_pro pentium+mmx pentium i486 i386 i86"/>
    <property name="sun.jnu.encoding" value="Cp1252"/>
    <property name="java.class.path" value="C:\Users\Hansu\Documents\GitHub\WepaProjekti\WepaProject\target\test-classes;C:\Users\Hansu\Documents\GitHub\WepaProjekti\WepaProject\target\classes;C:\Users\Hansu\.m2\repository\org\springframework\boot\spring-boot-starter-web\2.0.0.M5\spring-boot-starter-web-2.0.0.M5.jar;C:\Users\Hansu\.m2\repository\org\springframework\boot\spring-boot-starter\2.0.0.M5\spring-boot-starter-2.0.0.M5.jar;C:\Users\Hansu\.m2\repository\org\springframework\boot\spring-boot-starter-logging\2.0.0.M5\spring-boot-starter-logging-2.0.0.M5.jar;C:\Users\Hansu\.m2\repository\ch\qos\logback\logback-classic\1.2.3\logback-classic-1.2.3.jar;C:\Users\Hansu\.m2\repository\ch\qos\logback\logback-core\1.2.3\logback-core-1.2.3.jar;C:\Users\Hansu\.m2\repository\org\slf4j\jul-to-slf4j\1.7.25\jul-to-slf4j-1.7.25.jar;C:\Users\Hansu\.m2\repository\org\slf4j\log4j-over-slf4j\1.7.25\log4j-over-slf4j-1.7.25.jar;C:\Users\Hansu\.m2\repository\javax\annotation\javax.annotation-api\1.3.1\javax.annotation-api-1.3.1.jar;C:\Users\Hansu\.m2\repository\org\yaml\snakeyaml\1.18\snakeyaml-1.18.jar;C:\Users\Hansu\.m2\repository\org\springframework\boot\spring-boot-starter-json\2.0.0.M5\spring-boot-starter-json-2.0.0.M5.jar;C:\Users\Hansu\.m2\repository\com\fasterxml\jackson\core\jackson-databind\2.9.1\jackson-databind-2.9.1.jar;C:\Users\Hansu\.m2\repository\com\fasterxml\jackson\core\jackson-annotations\2.9.0\jackson-annotations-2.9.0.jar;C:\Users\Hansu\.m2\repository\com\fasterxml\jackson\core\jackson-core\2.9.1\jackson-core-2.9.1.jar;C:\Users\Hansu\.m2\repository\com\fasterxml\jackson\datatype\jackson-datatype-jdk8\2.9.1\jackson-datatype-jdk8-2.9.1.jar;C:\Users\Hansu\.m2\repository\com\fasterxml\jackson\datatype\jackson-datatype-jsr310\2.9.1\jackson-datatype-jsr310-2.9.1.jar;C:\Users\Hansu\.m2\repository\com\fasterxml\jackson\module\jackson-module-parameter-names\2.9.1\jackson-module-parameter-names-2.9.1.jar;C:\Users\Hansu\.m2\repository\com\fasterxml\jackson\module\jackson-module-kotlin\2.9.1\jackson-module-kotlin-2.9.1.jar;C:\Users\Hansu\.m2\repository\org\springframework\boot\spring-boot-starter-tomcat\2.0.0.M5\spring-boot-starter-tomcat-2.0.0.M5.jar;C:\Users\Hansu\.m2\repository\org\apache\tomcat\embed\tomcat-embed-core\8.5.23\tomcat-embed-core-8.5.23.jar;C:\Users\Hansu\.m2\repository\org\apache\tomcat\tomcat-annotations-api\8.5.23\tomcat-annotations-api-8.5.23.jar;C:\Users\Hansu\.m2\repository\org\apache\tomcat\embed\tomcat-embed-el\8.5.23\tomcat-embed-el-8.5.23.jar;C:\Users\Hansu\.m2\repository\org\apache\tomcat\embed\tomcat-embed-websocket\8.5.23\tomcat-embed-websocket-8.5.23.jar;C:\Users\Hansu\.m2\repository\org\hibernate\validator\hibernate-validator\6.0.2.Final\hibernate-validator-6.0.2.Final.jar;C:\Users\Hansu\.m2\repository\javax\validation\validation-api\2.0.0.Final\validation-api-2.0.0.Final.jar;C:\Users\Hansu\.m2\repository\org\jboss\logging\jboss-logging\3.3.1.Final\jboss-logging-3.3.1.Final.jar;C:\Users\Hansu\.m2\repository\com\fasterxml\classmate\1.3.4\classmate-1.3.4.jar;C:\Users\Hansu\.m2\repository\org\springframework\spring-web\5.0.0.RELEASE\spring-web-5.0.0.RELEASE.jar;C:\Users\Hansu\.m2\repository\org\springframework\spring-beans\5.0.0.RELEASE\spring-beans-5.0.0.RELEASE.jar;C:\Users\Hansu\.m2\repository\org\springframework\spring-webmvc\5.0.0.RELEASE\spring-webmvc-5.0.0.RELEASE.jar;C:\Users\Hansu\.m2\repository\org\springframework\spring-aop\5.0.0.RELEASE\spring-aop-5.0.0.RELEASE.jar;C:\Users\Hansu\.m2\repository\org\springframework\spring-context\5.0.0.RELEASE\spring-context-5.0.0.RELEASE.jar;C:\Users\Hansu\.m2\repository\org\springframework\spring-expression\5.0.0.RELEASE\spring-expression-5.0.0.RELEASE.jar;C:\Users\Hansu\.m2\repository\org\springframework\boot\spring-boot-starter-thymeleaf\2.0.0.M5\spring-boot-starter-thymeleaf-2.0.0.M5.jar;C:\Users\Hansu\.m2\repository\org\thymeleaf\thymeleaf-spring5\3.0.8.RELEASE\thymeleaf-spring5-3.0.8.RELEASE.jar;C:\Users\Hansu\.m2\repository\org\thymeleaf\thymeleaf\3.0.8.RELEASE\thymeleaf-3.0.8.RELEASE.jar;C:\Users\Hansu\.m2\repository\org\attoparser\attoparser\2.0.4.RELEASE\attoparser-2.0.4.RELEASE.jar;C:\Users\Hansu\.m2\repository\org\unbescape\unbescape\1.1.5.RELEASE\unbescape-1.1.5.RELEASE.jar;C:\Users\Hansu\.m2\repository\org\slf4j\slf4j-api\1.7.25\slf4j-api-1.7.25.jar;C:\Users\Hansu\.m2\repository\org\thymeleaf\extras\thymeleaf-extras-java8time\3.0.1.RELEASE\thymeleaf-extras-java8time-3.0.1.RELEASE.jar;C:\Users\Hansu\.m2\repository\org\springframework\boot\spring-boot-starter-data-jpa\2.0.0.M5\spring-boot-starter-data-jpa-2.0.0.M5.jar;C:\Users\Hansu\.m2\repository\org\springframework\boot\spring-boot-starter-aop\2.0.0.M5\spring-boot-starter-aop-2.0.0.M5.jar;C:\Users\Hansu\.m2\repository\org\aspectj\aspectjweaver\1.8.11\aspectjweaver-1.8.11.jar;C:\Users\Hansu\.m2\repository\org\springframework\boot\spring-boot-starter-jdbc\2.0.0.M5\spring-boot-starter-jdbc-2.0.0.M5.jar;C:\Users\Hansu\.m2\repository\com\zaxxer\HikariCP\2.7.2\HikariCP-2.7.2.jar;C:\Users\Hansu\.m2\repository\org\springframework\spring-jdbc\5.0.0.RELEASE\spring-jdbc-5.0.0.RELEASE.jar;C:\Users\Hansu\.m2\repository\org\hibernate\hibernate-core\5.2.11.Final\hibernate-core-5.2.11.Final.jar;C:\Users\Hansu\.m2\repository\org\hibernate\javax\persistence\hibernate-jpa-2.1-api\1.0.0.Final\hibernate-jpa-2.1-api-1.0.0.Final.jar;C:\Users\Hansu\.m2\repository\org\javassist\javassist\3.22.0-CR2\javassist-3.22.0-CR2.jar;C:\Users\Hansu\.m2\repository\antlr\antlr\2.7.7\antlr-2.7.7.jar;C:\Users\Hansu\.m2\repository\org\jboss\jandex\2.0.3.Final\jandex-2.0.3.Final.jar;C:\Users\Hansu\.m2\repository\dom4j\dom4j\1.6.1\dom4j-1.6.1.jar;C:\Users\Hansu\.m2\repository\org\hibernate\common\hibernate-commons-annotations\5.0.1.Final\hibernate-commons-annotations-5.0.1.Final.jar;C:\Users\Hansu\.m2\repository\javax\transaction\javax.transaction-api\1.2\javax.transaction-api-1.2.jar;C:\Users\Hansu\.m2\repository\org\springframework\data\spring-data-jpa\2.0.0.RELEASE\spring-data-jpa-2.0.0.RELEASE.jar;C:\Users\Hansu\.m2\repository\org\springframework\data\spring-data-commons\2.0.0.RELEASE\spring-data-commons-2.0.0.RELEASE.jar;C:\Users\Hansu\.m2\repository\org\springframework\spring-orm\5.0.0.RELEASE\spring-orm-5.0.0.RELEASE.jar;C:\Users\Hansu\.m2\repository\org\springframework\spring-tx\5.0.0.RELEASE\spring-tx-5.0.0.RELEASE.jar;C:\Users\Hansu\.m2\repository\org\springframework\spring-aspects\5.0.0.RELEASE\spring-aspects-5.0.0.RELEASE.jar;C:\Users\Hansu\.m2\repository\com\h2database\h2\1.4.196\h2-1.4.196.jar;C:\Users\Hansu\.m2\repository\org\springframework\boot\spring-boot-devtools\2.0.0.M5\spring-boot-devtools-2.0.0.M5.jar;C:\Users\Hansu\.m2\repository\org\springframework\boot\spring-boot\2.0.0.M5\spring-boot-2.0.0.M5.jar;C:\Users\Hansu\.m2\repository\org\springframework\boot\spring-boot-autoconfigure\2.0.0.M5\spring-boot-autoconfigure-2.0.0.M5.jar;C:\Users\Hansu\.m2\repository\org\projectlombok\lombok\1.16.18\lombok-1.16.18.jar;C:\Users\Hansu\.m2\repository\org\springframework\boot\spring-boot-starter-test\2.0.0.M5\spring-boot-starter-test-2.0.0.M5.jar;C:\Users\Hansu\.m2\repository\org\springframework\boot\spring-boot-test\2.0.0.M5\spring-boot-test-2.0.0.M5.jar;C:\Users\Hansu\.m2\repository\org\springframework\boot\spring-boot-test-autoconfigure\2.0.0.M5\spring-boot-test-autoconfigure-2.0.0.M5.jar;C:\Users\Hansu\.m2\repository\com\jayway\jsonpath\json-path\2.4.0\json-path-2.4.0.jar;C:\Users\Hansu\.m2\repository\net\minidev\json-smart\2.3\json-smart-2.3.jar;C:\Users\Hansu\.m2\repository\net\minidev\accessors-smart\1.2\accessors-smart-1.2.jar;C:\Users\Hansu\.m2\repository\org\ow2\asm\asm\5.0.4\asm-5.0.4.jar;C:\Users\Hansu\.m2\repository\junit\junit\4.12\junit-4.12.jar;C:\Users\Hansu\.m2\repository\org\assertj\assertj-core\3.8.0\assertj-core-3.8.0.jar;C:\Users\Hansu\.m2\repository\org\mockito\mockito-core\2.10.0\mockito-core-2.10.0.jar;C:\Users\Hansu\.m2\repository\net\bytebuddy\byte-buddy\1.7.6\byte-buddy-1.7.6.jar;C:\Users\Hansu\.m2\repository\net\bytebuddy\byte-buddy-agent\1.7.6\byte-buddy-agent-1.7.6.jar;C:\Users\Hansu\.m2\repository\org\objenesis\objenesis\2.6\objenesis-2.6.jar;C:\Users\Hansu\.m2\repository\org\hamcrest\hamcrest-core\1.3\hamcrest-core-1.3.jar;C:\Users\Hansu\.m2\repository\org\hamcrest\hamcrest-library\1.3\hamcrest-library-1.3.jar;C:\Users\Hansu\.m2\repository\org\skyscreamer\jsonassert\1.5.0\jsonassert-1.5.0.jar;C:\Users\Hansu\.m2\repository\com\vaadin\external\google\android-json\0.0.20131108.vaadin1\android-json-0.0.20131108.vaadin1.jar;C:\Users\Hansu\.m2\repository\org\springframework\spring-core\5.0.0.RELEASE\spring-core-5.0.0.RELEASE.jar;C:\Users\Hansu\.m2\repository\org\springframework\spring-jcl\5.0.0.RELEASE\spring-jcl-5.0.0.RELEASE.jar;C:\Users\Hansu\.m2\repository\org\springframework\spring-test\5.0.0.RELEASE\spring-test-5.0.0.RELEASE.jar;C:\Users\Hansu\.m2\repository\org\xmlunit\xmlunit-core\2.5.0\xmlunit-core-2.5.0.jar;C:\Users\Hansu\.m2\repository\fi\helsinki\cs\tmc\edu-test-utils\0.4.2\edu-test-utils-0.4.2.jar;C:\Users\Hansu\.m2\repository\org\fluentlenium\fluentlenium-core\3.4.1\fluentlenium-core-3.4.1.jar;C:\Users\Hansu\.m2\repository\org\seleniumhq\selenium\selenium-support\3.6.0\selenium-support-3.6.0.jar;C:\Users\Hansu\.m2\repository\org\apache\commons\commons-exec\1.3\commons-exec-1.3.jar;C:\Users\Hansu\.m2\repository\commons-codec\commons-codec\1.10\commons-codec-1.10.jar;C:\Users\Hansu\.m2\repository\com\google\code\gson\gson\2.8.2\gson-2.8.2.jar;C:\Users\Hansu\.m2\repository\com\google\guava\guava\23.0\guava-23.0.jar;C:\Users\Hansu\.m2\repository\com\google\code\findbugs\jsr305\1.3.9\jsr305-1.3.9.jar;C:\Users\Hansu\.m2\repository\com\google\errorprone\error_prone_annotations\2.0.18\error_prone_annotations-2.0.18.jar;C:\Users\Hansu\.m2\repository\com\google\j2objc\j2objc-annotations\1.1\j2objc-annotations-1.1.jar;C:\Users\Hansu\.m2\repository\org\codehaus\mojo\animal-sniffer-annotations\1.14\animal-sniffer-annotations-1.14.jar;C:\Users\Hansu\.m2\repository\org\apache\httpcomponents\httpclient\4.5.3\httpclient-4.5.3.jar;C:\Users\Hansu\.m2\repository\org\apache\httpcomponents\httpcore\4.4.8\httpcore-4.4.8.jar;C:\Users\Hansu\.m2\repository\net\java\dev\jna\jna\4.5.0\jna-4.5.0.jar;C:\Users\Hansu\.m2\repository\net\java\dev\jna\jna-platform\4.5.0\jna-platform-4.5.0.jar;C:\Users\Hansu\.m2\repository\org\seleniumhq\selenium\selenium-api\3.6.0\selenium-api-3.6.0.jar;C:\Users\Hansu\.m2\repository\org\seleniumhq\selenium\selenium-remote-driver\3.6.0\selenium-remote-driver-3.6.0.jar;C:\Users\Hansu\.m2\repository\org\atteo\classindex\classindex\3.4\classindex-3.4.jar;C:\Users\Hansu\.m2\repository\commons-io\commons-io\2.5\commons-io-2.5.jar;C:\Users\Hansu\.m2\repository\org\apache\commons\commons-lang3\3.6\commons-lang3-3.6.jar;C:\Users\Hansu\.m2\repository\org\fluentlenium\fluentlenium-junit\3.4.1\fluentlenium-junit-3.4.1.jar;C:\Users\Hansu\.m2\repository\org\fluentlenium\fluentlenium-assertj\3.4.1\fluentlenium-assertj-3.4.1.jar;C:\Users\Hansu\.m2\repository\org\seleniumhq\selenium\htmlunit-driver\2.27\htmlunit-driver-2.27.jar;C:\Users\Hansu\.m2\repository\net\sourceforge\htmlunit\htmlunit\2.27\htmlunit-2.27.jar;C:\Users\Hansu\.m2\repository\xalan\xalan\2.7.2\xalan-2.7.2.jar;C:\Users\Hansu\.m2\repository\xalan\serializer\2.7.2\serializer-2.7.2.jar;C:\Users\Hansu\.m2\repository\org\apache\httpcomponents\httpmime\4.5.3\httpmime-4.5.3.jar;C:\Users\Hansu\.m2\repository\net\sourceforge\htmlunit\htmlunit-core-js\2.27\htmlunit-core-js-2.27.jar;C:\Users\Hansu\.m2\repository\net\sourceforge\htmlunit\neko-htmlunit\2.27\neko-htmlunit-2.27.jar;C:\Users\Hansu\.m2\repository\xerces\xercesImpl\2.11.0\xercesImpl-2.11.0.jar;C:\Users\Hansu\.m2\repository\xml-apis\xml-apis\1.4.01\xml-apis-1.4.01.jar;C:\Users\Hansu\.m2\repository\net\sourceforge\cssparser\cssparser\0.9.23\cssparser-0.9.23.jar;C:\Users\Hansu\.m2\repository\org\w3c\css\sac\1.3\sac-1.3.jar;C:\Users\Hansu\.m2\repository\org\eclipse\jetty\websocket\websocket-client\9.4.7.v20170914\websocket-client-9.4.7.v20170914.jar;C:\Users\Hansu\.m2\repository\org\eclipse\jetty\jetty-client\9.4.7.v20170914\jetty-client-9.4.7.v20170914.jar;C:\Users\Hansu\.m2\repository\org\eclipse\jetty\jetty-http\9.4.7.v20170914\jetty-http-9.4.7.v20170914.jar;C:\Users\Hansu\.m2\repository\org\eclipse\jetty\jetty-xml\9.4.7.v20170914\jetty-xml-9.4.7.v20170914.jar;C:\Users\Hansu\.m2\repository\org\eclipse\jetty\jetty-util\9.4.7.v20170914\jetty-util-9.4.7.v20170914.jar;C:\Users\Hansu\.m2\repository\org\eclipse\jetty\jetty-io\9.4.7.v20170914\jetty-io-9.4.7.v20170914.jar;C:\Users\Hansu\.m2\repository\org\eclipse\jetty\websocket\websocket-common\9.4.7.v20170914\websocket-common-9.4.7.v20170914.jar;C:\Users\Hansu\.m2\repository\org\eclipse\jetty\websocket\websocket-api\9.4.7.v20170914\websocket-api-9.4.7.v20170914.jar;"/>
    <property name="java.vm.vendor" value="Oracle Corporation"/>
    <property name="sun.arch.data.model" value="32"/>
    <property name="user.variant" value=""/>
    <property name="java.vendor.url" value="http://java.oracle.com/"/>
    <property name="user.timezone" value=""/>
    <property name="user.country.format" value="FI"/>
    <property name="java.vm.specification.version" value="1.8"/>
    <property name="os.name" value="Windows 8.1"/>
    <property name="sun.java.launcher" value="SUN_STANDARD"/>
    <property name="user.country" value="GB"/>
    <property name="sun.boot.library.path" value="C:\Program Files (x86)\Java\jdk1.8.0_111\jre\bin"/>
    <property name="sun.java.command" value="C:\Users\Hansu\AppData\Local\Temp\surefire8940018096673331979\surefirebooter3482655324404661572.jar C:\Users\Hansu\AppData\Local\Temp\surefire8940018096673331979 2017-12-09T17-16-09_230-jvmRun1 surefire3574635377678000466tmp surefire_03320534493084478583tmp"/>
    <property name="surefire.test.class.path" value="C:\Users\Hansu\Documents\GitHub\WepaProjekti\WepaProject\target\test-classes;C:\Users\Hansu\Documents\GitHub\WepaProjekti\WepaProject\target\classes;C:\Users\Hansu\.m2\repository\org\springframework\boot\spring-boot-starter-web\2.0.0.M5\spring-boot-starter-web-2.0.0.M5.jar;C:\Users\Hansu\.m2\repository\org\springframework\boot\spring-boot-starter\2.0.0.M5\spring-boot-starter-2.0.0.M5.jar;C:\Users\Hansu\.m2\repository\org\springframework\boot\spring-boot-starter-logging\2.0.0.M5\spring-boot-starter-logging-2.0.0.M5.jar;C:\Users\Hansu\.m2\repository\ch\qos\logback\logback-classic\1.2.3\logback-classic-1.2.3.jar;C:\Users\Hansu\.m2\repository\ch\qos\logback\logback-core\1.2.3\logback-core-1.2.3.jar;C:\Users\Hansu\.m2\repository\org\slf4j\jul-to-slf4j\1.7.25\jul-to-slf4j-1.7.25.jar;C:\Users\Hansu\.m2\repository\org\slf4j\log4j-over-slf4j\1.7.25\log4j-over-slf4j-1.7.25.jar;C:\Users\Hansu\.m2\repository\javax\annotation\javax.annotation-api\1.3.1\javax.annotation-api-1.3.1.jar;C:\Users\Hansu\.m2\repository\org\yaml\snakeyaml\1.18\snakeyaml-1.18.jar;C:\Users\Hansu\.m2\repository\org\springframework\boot\spring-boot-starter-json\2.0.0.M5\spring-boot-starter-json-2.0.0.M5.jar;C:\Users\Hansu\.m2\repository\com\fasterxml\jackson\core\jackson-databind\2.9.1\jackson-databind-2.9.1.jar;C:\Users\Hansu\.m2\repository\com\fasterxml\jackson\core\jackson-annotations\2.9.0\jackson-annotations-2.9.0.jar;C:\Users\Hansu\.m2\repository\com\fasterxml\jackson\core\jackson-core\2.9.1\jackson-core-2.9.1.jar;C:\Users\Hansu\.m2\repository\com\fasterxml\jackson\datatype\jackson-datatype-jdk8\2.9.1\jackson-datatype-jdk8-2.9.1.jar;C:\Users\Hansu\.m2\repository\com\fasterxml\jackson\datatype\jackson-datatype-jsr310\2.9.1\jackson-datatype-jsr310-2.9.1.jar;C:\Users\Hansu\.m2\repository\com\fasterxml\jackson\module\jackson-module-parameter-names\2.9.1\jackson-module-parameter-names-2.9.1.jar;C:\Users\Hansu\.m2\repository\com\fasterxml\jackson\module\jackson-module-kotlin\2.9.1\jackson-module-kotlin-2.9.1.jar;C:\Users\Hansu\.m2\repository\org\springframework\boot\spring-boot-starter-tomcat\2.0.0.M5\spring-boot-starter-tomcat-2.0.0.M5.jar;C:\Users\Hansu\.m2\repository\org\apache\tomcat\embed\tomcat-embed-core\8.5.23\tomcat-embed-core-8.5.23.jar;C:\Users\Hansu\.m2\repository\org\apache\tomcat\tomcat-annotations-api\8.5.23\tomcat-annotations-api-8.5.23.jar;C:\Users\Hansu\.m2\repository\org\apache\tomcat\embed\tomcat-embed-el\8.5.23\tomcat-embed-el-8.5.23.jar;C:\Users\Hansu\.m2\repository\org\apache\tomcat\embed\tomcat-embed-websocket\8.5.23\tomcat-embed-websocket-8.5.23.jar;C:\Users\Hansu\.m2\repository\org\hibernate\validator\hibernate-validator\6.0.2.Final\hibernate-validator-6.0.2.Final.jar;C:\Users\Hansu\.m2\repository\javax\validation\validation-api\2.0.0.Final\validation-api-2.0.0.Final.jar;C:\Users\Hansu\.m2\repository\org\jboss\logging\jboss-logging\3.3.1.Final\jboss-logging-3.3.1.Final.jar;C:\Users\Hansu\.m2\repository\com\fasterxml\classmate\1.3.4\classmate-1.3.4.jar;C:\Users\Hansu\.m2\repository\org\springframework\spring-web\5.0.0.RELEASE\spring-web-5.0.0.RELEASE.jar;C:\Users\Hansu\.m2\repository\org\springframework\spring-beans\5.0.0.RELEASE\spring-beans-5.0.0.RELEASE.jar;C:\Users\Hansu\.m2\repository\org\springframework\spring-webmvc\5.0.0.RELEASE\spring-webmvc-5.0.0.RELEASE.jar;C:\Users\Hansu\.m2\repository\org\springframework\spring-aop\5.0.0.RELEASE\spring-aop-5.0.0.RELEASE.jar;C:\Users\Hansu\.m2\repository\org\springframework\spring-context\5.0.0.RELEASE\spring-context-5.0.0.RELEASE.jar;C:\Users\Hansu\.m2\repository\org\springframework\spring-expression\5.0.0.RELEASE\spring-expression-5.0.0.RELEASE.jar;C:\Users\Hansu\.m2\repository\org\springframework\boot\spring-boot-starter-thymeleaf\2.0.0.M5\spring-boot-starter-thymeleaf-2.0.0.M5.jar;C:\Users\Hansu\.m2\repository\org\thymeleaf\thymeleaf-spring5\3.0.8.RELEASE\thymeleaf-spring5-3.0.8.RELEASE.jar;C:\Users\Hansu\.m2\repository\org\thymeleaf\thymeleaf\3.0.8.RELEASE\thymeleaf-3.0.8.RELEASE.jar;C:\Users\Hansu\.m2\repository\org\attoparser\attoparser\2.0.4.RELEASE\attoparser-2.0.4.RELEASE.jar;C:\Users\Hansu\.m2\repository\org\unbescape\unbescape\1.1.5.RELEASE\unbescape-1.1.5.RELEASE.jar;C:\Users\Hansu\.m2\repository\org\slf4j\slf4j-api\1.7.25\slf4j-api-1.7.25.jar;C:\Users\Hansu\.m2\repository\org\thymeleaf\extras\thymeleaf-extras-java8time\3.0.1.RELEASE\thymeleaf-extras-java8time-3.0.1.RELEASE.jar;C:\Users\Hansu\.m2\repository\org\springframework\boot\spring-boot-starter-data-jpa\2.0.0.M5\spring-boot-starter-data-jpa-2.0.0.M5.jar;C:\Users\Hansu\.m2\repository\org\springframework\boot\spring-boot-starter-aop\2.0.0.M5\spring-boot-starter-aop-2.0.0.M5.jar;C:\Users\Hansu\.m2\repository\org\aspectj\aspectjweaver\1.8.11\aspectjweaver-1.8.11.jar;C:\Users\Hansu\.m2\repository\org\springframework\boot\spring-boot-starter-jdbc\2.0.0.M5\spring-boot-starter-jdbc-2.0.0.M5.jar;C:\Users\Hansu\.m2\repository\com\zaxxer\HikariCP\2.7.2\HikariCP-2.7.2.jar;C:\Users\Hansu\.m2\repository\org\springframework\spring-jdbc\5.0.0.RELEASE\spring-jdbc-5.0.0.RELEASE.jar;C:\Users\Hansu\.m2\repository\org\hibernate\hibernate-core\5.2.11.Final\hibernate-core-5.2.11.Final.jar;C:\Users\Hansu\.m2\repository\org\hibernate\javax\persistence\hibernate-jpa-2.1-api\1.0.0.Final\hibernate-jpa-2.1-api-1.0.0.Final.jar;C:\Users\Hansu\.m2\repository\org\javassist\javassist\3.22.0-CR2\javassist-3.22.0-CR2.jar;C:\Users\Hansu\.m2\repository\antlr\antlr\2.7.7\antlr-2.7.7.jar;C:\Users\Hansu\.m2\repository\org\jboss\jandex\2.0.3.Final\jandex-2.0.3.Final.jar;C:\Users\Hansu\.m2\repository\dom4j\dom4j\1.6.1\dom4j-1.6.1.jar;C:\Users\Hansu\.m2\repository\org\hibernate\common\hibernate-commons-annotations\5.0.1.Final\hibernate-commons-annotations-5.0.1.Final.jar;C:\Users\Hansu\.m2\repository\javax\transaction\javax.transaction-api\1.2\javax.transaction-api-1.2.jar;C:\Users\Hansu\.m2\repository\org\springframework\data\spring-data-jpa\2.0.0.RELEASE\spring-data-jpa-2.0.0.RELEASE.jar;C:\Users\Hansu\.m2\repository\org\springframework\data\spring-data-commons\2.0.0.RELEASE\spring-data-commons-2.0.0.RELEASE.jar;C:\Users\Hansu\.m2\repository\org\springframework\spring-orm\5.0.0.RELEASE\spring-orm-5.0.0.RELEASE.jar;C:\Users\Hansu\.m2\repository\org\springframework\spring-tx\5.0.0.RELEASE\spring-tx-5.0.0.RELEASE.jar;C:\Users\Hansu\.m2\repository\org\springframework\spring-aspects\5.0.0.RELEASE\spring-aspects-5.0.0.RELEASE.jar;C:\Users\Hansu\.m2\repository\com\h2database\h2\1.4.196\h2-1.4.196.jar;C:\Users\Hansu\.m2\repository\org\springframework\boot\spring-boot-devtools\2.0.0.M5\spring-boot-devtools-2.0.0.M5.jar;C:\Users\Hansu\.m2\repository\org\springframework\boot\spring-boot\2.0.0.M5\spring-boot-2.0.0.M5.jar;C:\Users\Hansu\.m2\repository\org\springframework\boot\spring-boot-autoconfigure\2.0.0.M5\spring-boot-autoconfigure-2.0.0.M5.jar;C:\Users\Hansu\.m2\repository\org\projectlombok\lombok\1.16.18\lombok-1.16.18.jar;C:\Users\Hansu\.m2\repository\org\springframework\boot\spring-boot-starter-test\2.0.0.M5\spring-boot-starter-test-2.0.0.M5.jar;C:\Users\Hansu\.m2\repository\org\springframework\boot\spring-boot-test\2.0.0.M5\spring-boot-test-2.0.0.M5.jar;C:\Users\Hansu\.m2\repository\org\springframework\boot\spring-boot-test-autoconfigure\2.0.0.M5\spring-boot-test-autoconfigure-2.0.0.M5.jar;C:\Users\Hansu\.m2\repository\com\jayway\jsonpath\json-path\2.4.0\json-path-2.4.0.jar;C:\Users\Hansu\.m2\repository\net\minidev\json-smart\2.3\json-smart-2.3.jar;C:\Users\Hansu\.m2\repository\net\minidev\accessors-smart\1.2\accessors-smart-1.2.jar;C:\Users\Hansu\.m2\repository\org\ow2\asm\asm\5.0.4\asm-5.0.4.jar;C:\Users\Hansu\.m2\repository\junit\junit\4.12\junit-4.12.jar;C:\Users\Hansu\.m2\repository\org\assertj\assertj-core\3.8.0\assertj-core-3.8.0.jar;C:\Users\Hansu\.m2\repository\org\mockito\mockito-core\2.10.0\mockito-core-2.10.0.jar;C:\Users\Hansu\.m2\repository\net\bytebuddy\byte-buddy\1.7.6\byte-buddy-1.7.6.jar;C:\Users\Hansu\.m2\repository\net\bytebuddy\byte-buddy-agent\1.7.6\byte-buddy-agent-1.7.6.jar;C:\Users\Hansu\.m2\repository\org\objenesis\objenesis\2.6\objenesis-2.6.jar;C:\Users\Hansu\.m2\repository\org\hamcrest\hamcrest-core\1.3\hamcrest-core-1.3.jar;C:\Users\Hansu\.m2\repository\org\hamcrest\hamcrest-library\1.3\hamcrest-library-1.3.jar;C:\Users\Hansu\.m2\repository\org\skyscreamer\jsonassert\1.5.0\jsonassert-1.5.0.jar;C:\Users\Hansu\.m2\repository\com\vaadin\external\google\android-json\0.0.20131108.vaadin1\android-json-0.0.20131108.vaadin1.jar;C:\Users\Hansu\.m2\repository\org\springframework\spring-core\5.0.0.RELEASE\spring-core-5.0.0.RELEASE.jar;C:\Users\Hansu\.m2\repository\org\springframework\spring-jcl\5.0.0.RELEASE\spring-jcl-5.0.0.RELEASE.jar;C:\Users\Hansu\.m2\repository\org\springframework\spring-test\5.0.0.RELEASE\spring-test-5.0.0.RELEASE.jar;C:\Users\Hansu\.m2\repository\org\xmlunit\xmlunit-core\2.5.0\xmlunit-core-2.5.0.jar;C:\Users\Hansu\.m2\repository\fi\helsinki\cs\tmc\edu-test-utils\0.4.2\edu-test-utils-0.4.2.jar;C:\Users\Hansu\.m2\repository\org\fluentlenium\fluentlenium-core\3.4.1\fluentlenium-core-3.4.1.jar;C:\Users\Hansu\.m2\repository\org\seleniumhq\selenium\selenium-support\3.6.0\selenium-support-3.6.0.jar;C:\Users\Hansu\.m2\repository\org\apache\commons\commons-exec\1.3\commons-exec-1.3.jar;C:\Users\Hansu\.m2\repository\commons-codec\commons-codec\1.10\commons-codec-1.10.jar;C:\Users\Hansu\.m2\repository\com\google\code\gson\gson\2.8.2\gson-2.8.2.jar;C:\Users\Hansu\.m2\repository\com\google\guava\guava\23.0\guava-23.0.jar;C:\Users\Hansu\.m2\repository\com\google\code\findbugs\jsr305\1.3.9\jsr305-1.3.9.jar;C:\Users\Hansu\.m2\repository\com\google\errorprone\error_prone_annotations\2.0.18\error_prone_annotations-2.0.18.jar;C:\Users\Hansu\.m2\repository\com\google\j2objc\j2objc-annotations\1.1\j2objc-annotations-1.1.jar;C:\Users\Hansu\.m2\repository\org\codehaus\mojo\animal-sniffer-annotations\1.14\animal-sniffer-annotations-1.14.jar;C:\Users\Hansu\.m2\repository\org\apache\httpcomponents\httpclient\4.5.3\httpclient-4.5.3.jar;C:\Users\Hansu\.m2\repository\org\apache\httpcomponents\httpcore\4.4.8\httpcore-4.4.8.jar;C:\Users\Hansu\.m2\repository\net\java\dev\jna\jna\4.5.0\jna-4.5.0.jar;C:\Users\Hansu\.m2\repository\net\java\dev\jna\jna-platform\4.5.0\jna-platform-4.5.0.jar;C:\Users\Hansu\.m2\repository\org\seleniumhq\selenium\selenium-api\3.6.0\selenium-api-3.6.0.jar;C:\Users\Hansu\.m2\repository\org\seleniumhq\selenium\selenium-remote-driver\3.6.0\selenium-remote-driver-3.6.0.jar;C:\Users\Hansu\.m2\repository\org\atteo\classindex\classindex\3.4\classindex-3.4.jar;C:\Users\Hansu\.m2\repository\commons-io\commons-io\2.5\commons-io-2.5.jar;C:\Users\Hansu\.m2\repository\org\apache\commons\commons-lang3\3.6\commons-lang3-3.6.jar;C:\Users\Hansu\.m2\repository\org\fluentlenium\fluentlenium-junit\3.4.1\fluentlenium-junit-3.4.1.jar;C:\Users\Hansu\.m2\repository\org\fluentlenium\fluentlenium-assertj\3.4.1\fluentlenium-assertj-3.4.1.jar;C:\Users\Hansu\.m2\repository\org\seleniumhq\selenium\htmlunit-driver\2.27\htmlunit-driver-2.27.jar;C:\Users\Hansu\.m2\repository\net\sourceforge\htmlunit\htmlunit\2.27\htmlunit-2.27.jar;C:\Users\Hansu\.m2\repository\xalan\xalan\2.7.2\xalan-2.7.2.jar;C:\Users\Hansu\.m2\repository\xalan\serializer\2.7.2\serializer-2.7.2.jar;C:\Users\Hansu\.m2\repository\org\apache\httpcomponents\httpmime\4.5.3\httpmime-4.5.3.jar;C:\Users\Hansu\.m2\repository\net\sourceforge\htmlunit\htmlunit-core-js\2.27\htmlunit-core-js-2.27.jar;C:\Users\Hansu\.m2\repository\net\sourceforge\htmlunit\neko-htmlunit\2.27\neko-htmlunit-2.27.jar;C:\Users\Hansu\.m2\repository\xerces\xercesImpl\2.11.0\xercesImpl-2.11.0.jar;C:\Users\Hansu\.m2\repository\xml-apis\xml-apis\1.4.01\xml-apis-1.4.01.jar;C:\Users\Hansu\.m2\repository\net\sourceforge\cssparser\cssparser\0.9.23\cssparser-0.9.23.jar;C:\Users\Hansu\.m2\repository\org\w3c\css\sac\1.3\sac-1.3.jar;C:\Users\Hansu\.m2\repository\org\eclipse\jetty\websocket\websocket-client\9.4.7.v20170914\websocket-client-9.4.7.v20170914.jar;C:\Users\Hansu\.m2\repository\org\eclipse\jetty\jetty-client\9.4.7.v20170914\jetty-client-9.4.7.v20170914.jar;C:\Users\Hansu\.m2\repository\org\eclipse\jetty\jetty-http\9.4.7.v20170914\jetty-http-9.4.7.v20170914.jar;C:\Users\Hansu\.m2\repository\org\eclipse\jetty\jetty-xml\9.4.7.v20170914\jetty-xml-9.4.7.v20170914.jar;C:\Users\Hansu\.m2\repository\org\eclipse\jetty\jetty-util\9.4.7.v20170914\jetty-util-9.4.7.v20170914.jar;C:\Users\Hansu\.m2\repository\org\eclipse\jetty\jetty-io\9.4.7.v20170914\jetty-io-9.4.7.v20170914.jar;C:\Users\Hansu\.m2\repository\org\eclipse\jetty\websocket\websocket-common\9.4.7.v20170914\websocket-common-9.4.7.v20170914.jar;C:\Users\Hansu\.m2\repository\org\eclipse\jetty\websocket\websocket-api\9.4.7.v20170914\websocket-api-9.4.7.v20170914.jar;"/>
    <property name="sun.cpu.endian" value="little"/>
    <property name="user.home" value="C:\Users\Hansu"/>
    <property name="user.language" value="en"/>
    <property name="java.specification.vendor" value="Oracle Corporation"/>
    <property name="java.home" value="C:\Program Files (x86)\Java\jdk1.8.0_111\jre"/>
    <property name="basedir" value="C:\Users\Hansu\Documents\GitHub\WepaProjekti\WepaProject"/>
    <property name="file.separator" value="\"/>
    <property name="line.separator" value="&#10;"/>
    <property name="java.vm.specification.vendor" value="Oracle Corporation"/>
    <property name="java.specification.name" value="Java Platform API Specification"/>
    <property name="java.awt.graphicsenv" value="sun.awt.Win32GraphicsEnvironment"/>
    <property name="surefire.real.class.path" value="C:\Users\Hansu\AppData\Local\Temp\surefire8940018096673331979\surefirebooter3482655324404661572.jar"/>
    <property name="sun.boot.class.path" value="C:\Program Files (x86)\Java\jdk1.8.0_111\jre\lib\resources.jar;C:\Program Files (x86)\Java\jdk1.8.0_111\jre\lib\rt.jar;C:\Program Files (x86)\Java\jdk1.8.0_111\jre\lib\sunrsasign.jar;C:\Program Files (x86)\Java\jdk1.8.0_111\jre\lib\jsse.jar;C:\Program Files (x86)\Java\jdk1.8.0_111\jre\lib\jce.jar;C:\Program Files (x86)\Java\jdk1.8.0_111\jre\lib\charsets.jar;C:\Program Files (x86)\Java\jdk1.8.0_111\jre\lib\jfr.jar;C:\Program Files (x86)\Java\jdk1.8.0_111\jre\classes"/>
    <property name="user.script" value=""/>
    <property name="sun.management.compiler" value="HotSpot Client Compiler"/>
    <property name="java.runtime.version" value="1.8.0_111-b14"/>
    <property name="user.name" value="Hansu"/>
    <property name="path.separator" value=";"/>
    <property name="os.version" value="6.3"/>
    <property name="java.endorsed.dirs" value="C:\Program Files (x86)\Java\jdk1.8.0_111\jre\lib\endorsed"/>
    <property name="java.runtime.name" value="Java(TM) SE Runtime Environment"/>
    <property name="file.encoding" value="UTF-8"/>
    <property name="java.vm.name" value="Java HotSpot(TM) Client VM"/>
    <property name="maven.ext.class.path" value="C:\Users\Hansu\AppData\Roaming\.tmcbeans\dev\maven-nblib\netbeans-eventspy.jar"/>
    <property name="localRepository" value="C:\Users\Hansu\.m2\repository"/>
    <property name="java.vendor.url.bug" value="http://bugreport.sun.com/bugreport/"/>
    <property name="java.io.tmpdir" value="C:\Users\Hansu\AppData\Local\Temp\"/>
    <property name="java.version" value="1.8.0_111"/>
    <property name="user.dir" value="C:\Users\Hansu\Documents\GitHub\WepaProjekti\WepaProject"/>
    <property name="os.arch" value="x86"/>
    <property name="java.vm.specification.name" value="Java Virtual Machine Specification"/>
    <property name="java.awt.printerjob" value="sun.awt.windows.WPrinterJob"/>
    <property name="user.language.format" value="fi"/>
    <property name="sun.os.patch.level" value=""/>
    <property name="java.library.path" value="C:\Program Files (x86)\Java\jdk1.8.0_111\jre\bin;C:\WINDOWS\Sun\Java\bin;C:\WINDOWS\system32;C:\WINDOWS;C:\ProgramData\Oracle\Java\javapath;C:\WINDOWS;C:\WINDOWS\system32;C:\WINDOWS\system32\Wbem;C:\cygwin\bin;C:\Program Files\Apache Software Foundation\apache-maven-3.5.0\bin;."/>
    <property name="java.vm.info" value="mixed mode"/>
    <property name="java.vendor" value="Oracle Corporation"/>
    <property name="java.vm.version" value="25.111-b14"/>
    <property name="java.ext.dirs" value="C:\Program Files (x86)\Java\jdk1.8.0_111\jre\lib\ext;C:\WINDOWS\Sun\Java\lib\ext"/>
    <property name="sun.io.unicode.encoding" value="UnicodeLittle"/>
    <property name="java.class.version" value="52.0"/>
  </properties>
  <testcase name="hasGithub" classname="wad.AliveTest" time="0.003"/>
  <testcase name="hasTravis" classname="wad.AliveTest" time="0"/>
  <testcase name="hasHerokuapp" classname="wad.AliveTest" time="0"/>
</testsuite>